
ROM used: 1194 (29%)
          1194 (29%) including unused fragments

          1 Average locations per line
          11 Average locations per statement

RAM used: 13 (3%) at main() level
          81 (21%) worst case

Stack used: 2 worst case (out of 16 total available)

Lines Stmts  %   Files
----- ----- ---  -----
  192    69  62  main.c
  538     0   0  D:\Program Files (x86)\PICC\devices\16F1827.h
   95    32  29  IQS253.c
   24     0   0  IQS253.h
   33    10   9  PCA9554.c
   35     0   0  PCA9554.h
----- -----
  917   111 Total

Page ROM  %  RAM   Vol Diff  Functions:
---- --- --- ---   --- ----  ----------
0     21   2   1             @delay_ms1
0     54   5   3             @I2C_READ_1
0     56   5   1             @I2C_WRITE_1
0    344  29  47  1540  5.3  IQS253_Init
0     13   1   0  1225  5.8  @const88
0     75   6   4             @PSTRINGC7_19200_106_105
0      8   1   0   441  2.8  @const90
0     83   7   5   469  2.8  @PSTRINGCN7_19200_106_105
0     39   3   2   441  2.8  @PRINTF_X_19200_106_105
0      8   1   0   441  2.8  @const96
0      9   1   0   441  2.8  @const97
0      7   1   0   469  2.8  @const98
0     65   5   1   178  1.5  IQS253_status
0     40   3   1    86  1.3  PCA9554_Direction
0     39   3   1    86  1.3  PCA9554_Output_States
0    307  26   1  2670  6.9  MAIN
0     11   1   0  1288  4.4  @const117
0     12   1   0   147  3.7  @const118
 Inline        0  1288  4.4  @cinit1

Program metrics:
    Functions               15
    Statements              111
    Comments                233
    Volume (V)              17287
    Difficulty (D)          52.9
    Effort to implement (E) 914449
    Time to implement (T)   14 hours, 7 minutes
    Est Delivered Bugs (B)  3
    Cyclomatic Complexity   17
    Maintainability (MI)    93

 Segment     Used  Free
-----------  ----  ----
00000-00002     3  0  
00003-007FF  1191  854  
00800-00FFF     0  2048  



