
ROM used: 606 (15%)
          606 (15%) including unused fragments

          1 Average locations per line
          18 Average locations per statement

RAM used: 13 (3%) at main() level
          31 (8%) worst case

Stack used: 2 worst case (out of 16 total available)

Lines Stmts  %   Files
----- ----- ---  -----
  111    34 100  main.c
  538     0   0  D:\Program Files (x86)\PICC\devices\16F1827.h
----- -----
  649    34 Total

Page ROM  %  RAM   Vol Diff  Functions:
---- --- --- ---   --- ----  ----------
0     21   3   1             @delay_ms1
 Inline        1             @I2C_WRITE_1
0    100  17   2   147  3.7  get_ack_status
0     18   3   0    67  1.2  blink
0    144  24   1   723  7.4  MAIN
0      6   1   0             @const95
0     75  12   4             @PSTRINGC7_19200_106_105
0      8   1   0             @const97
0     83  14   5             @PSTRINGCN7_19200_106_105
0     40   7   2             @PRINTF_X_19200_106_105
0      8   1   0             @const103
0     16   3   0             @const104
0     21   3   3             @DIV88
0     63  10   2             @PRINTF_U_19200_106_105
 Inline        0             @cinit1

Program metrics:
    Functions               3
    Statements              34
    Comments                131
    Volume (V)              1161
    Difficulty (D)          10.7
    Effort to implement (E) 12440
    Time to implement (T)   12 minutes
    Est Delivered Bugs (B)  0
    Cyclomatic Complexity   4
    Maintainability (MI)    64

 Segment     Used  Free
-----------  ----  ----
00000-00002     3  0  
00003-007FF   603  1442  
00800-00FFF     0  2048  



