
ROM used: 600 (15%)
          600 (15%) including unused fragments

          1 Average locations per line
          7 Average locations per statement

RAM used: 10 (3%) at main() level
          26 (7%) worst case

Stack used: 2 worst case (out of 16 total available)

Lines Stmts  %   Files
----- ----- ---  -----
  175    61  72  main.c
  538     0   0  D:\Program Files (x86)\PICC\devices\16F1827.h
   31     0   0  MCP4461.h
  133    24  28  TCA9555.c
   58     0   0  TCA9555.h
----- -----
  935    85 Total

Page ROM  %  RAM   Vol Diff  Functions:
---- --- --- ---   --- ----  ----------
0     21   4   1             @delay_ms1
0     56   9   1             @I2C_WRITE_1
0     46   8   2   160  3.3  setPortDirection
0     46   8   2   160  3.3  setOutputStates
0     65  11   4   450  5.7  setVolatileWiper
0     18   3   0    67  1.2  blink
0    210  35   1  1075  3.9  MAIN
0     11   2   0             @const119
0     84  14   5             @PSTRINGCN7_19200_106_105
0     40   7   2             @PRINTF_X_19200_106_105
 Inline        0             @cinit1

Program metrics:
    Functions               5
    Statements              85
    Comments                276
    Volume (V)              2574
    Difficulty (D)          16.7
    Effort to implement (E) 42913
    Time to implement (T)   40 minutes
    Est Delivered Bugs (B)  0
    Cyclomatic Complexity   7
    Maintainability (MI)    49

 Segment     Used  Free
-----------  ----  ----
00000-00002     3  0  
00003-007FF   597  1448  
00800-00FFF     0  2048  



