
ROM used: 398 (19%)
          398 (19%) including unused fragments

          1 Average locations per line
          14 Average locations per statement

RAM used: 21 (16%) at main() level
          44 (34%) worst case

Stack used: 2 worst case (out of 16 total available)

Lines Stmts  %   Files
----- ----- ---  -----
   69    29 100  main.c
  434     0   0  D:\Program Files (x86)\PICC\devices\12f1822.h
----- -----
  503    29 Total

Page ROM  %  RAM   Vol Diff  Functions:
---- --- --- ---   --- ----  ----------
0     16   4   1             @delay_ms1
0     61  15   0   211  3.0  ccp1_isr
0    112  28   5   512  4.8  MAIN
0      5   1   0             @const77
0     90  23   9             @PRINTF_LU_2400_93_93
0     84  21   5             @PSTRINGCN7_2400_93_93
 Inline        0             @cinit1

Program metrics:
    Functions               2
    Statements              29
    Comments                96
    Volume (V)              855
    Difficulty (D)          7.3
    Effort to implement (E) 6257
    Time to implement (T)   6 minutes
    Est Delivered Bugs (B)  0
    Cyclomatic Complexity   2
    Maintainability (MI)    48

 Segment     Used  Free
-----------  ----  ----
00000-00002     3  0  
00003-00003     0  1  
00004-0001E    27  0  
0001F-007FF   368  1649  



