
ROM used: 230 (6%)
          230 (6%) including unused fragments

          1 Average locations per line
          6 Average locations per statement

RAM used: 7 (3%) at main() level
          7 (3%) worst case

Stack used: 0 worst case (out of 8 total available)

Lines Stmts  %   Files
----- ----- ---  -----
   92    36 100  main.c
  275     0   0  ..\..\..\..\..\Program Files\PICC\devices\16F688.h
----- -----
  367    36 Total

Page ROM  %  RAM   Vol Diff  Functions:
---- --- --- ---   --- ----  ----------
0    226  98   1   919  4.4  main
 Inline        0             @cinit1

Program metrics:
    Functions               1
    Statements              36
    Comments                97
    Volume (V)              922
    Difficulty (D)          4.3
    Effort to implement (E) 3960
    Time to implement (T)   4 minutes
    Est Delivered Bugs (B)  0
    Cyclomatic Complexity   6
    Maintainability (MI)    98

 Segment     Used  Free
-----------  ----  ----
00000-00003     4  0  
00004-007FF   226  1818  
00800-00FFF     0  2048  



